c:\users\val\desktop\roombotscreator\roombotscreator\release\vc120.pdb
c:\users\val\desktop\roombotscreator\roombotscreator\release\trashcan.obj
c:\users\val\desktop\roombotscreator\roombotscreator\release\simulator.obj
c:\users\val\desktop\roombotscreator\roombotscreator\release\shaderloader.obj
c:\users\val\desktop\roombotscreator\roombotscreator\release\scene.obj
c:\users\val\desktop\roombotscreator\roombotscreator\release\roombot.obj
c:\users\val\desktop\roombotscreator\roombotscreator\release\rifthandler.obj
c:\users\val\desktop\roombotscreator\roombotscreator\release\quad.obj
c:\users\val\desktop\roombotscreator\roombotscreator\release\position.obj
c:\users\val\desktop\roombotscreator\roombotscreator\release\objmodel.obj
c:\users\val\desktop\roombotscreator\roombotscreator\release\model.obj
c:\users\val\desktop\roombotscreator\roombotscreator\release\main.obj
c:\users\val\desktop\roombotscreator\roombotscreator\release\leapmotionpointer.obj
c:\users\val\desktop\roombotscreator\roombotscreator\release\halfmodule.obj
c:\users\val\desktop\roombotscreator\roombotscreator\release\gui.obj
c:\users\val\desktop\roombotscreator\roombotscreator\release\cube.obj
c:\users\val\desktop\roombotscreator\roombotscreator\release\button.obj
c:\users\val\desktop\roombotscreator\roombotscreator\release\roombotscreator.tlog\cl.command.1.tlog
c:\users\val\desktop\roombotscreator\roombotscreator\release\roombotscreator.tlog\cl.read.1.tlog
c:\users\val\desktop\roombotscreator\roombotscreator\release\roombotscreator.tlog\cl.write.1.tlog
c:\users\val\desktop\roombotscreator\roombotscreator\release\roombotscreator.tlog\link.command.1.tlog
c:\users\val\desktop\roombotscreator\roombotscreator\release\roombotscreator.tlog\link.read.1.tlog
c:\users\val\desktop\roombotscreator\roombotscreator\release\roombotscreator.tlog\link.write.1.tlog
